2026-02-07 13:53:08.551 [main] INFO  com.studyroom.StudyRoomApplication - Starting StudyRoomApplication using Java 17.0.7 with PID 18468 (F:\自习室项目第二版\backend\target\classes started by zzl340 in F:\自习室项目第二版\backend)
2026-02-07 13:53:08.557 [main] DEBUG com.studyroom.StudyRoomApplication - Running with Spring Boot v3.1.5, Spring v6.0.13
2026-02-07 13:53:08.559 [main] INFO  com.studyroom.StudyRoomApplication - No active profile set, falling back to 1 default profile: "default"
2026-02-07 13:53:10.007 [main] INFO  o.s.d.r.c.RepositoryConfigurationDelegate - Multiple Spring Data modules found, entering strict repository configuration mode
2026-02-07 13:53:10.015 [main] INFO  o.s.d.r.c.RepositoryConfigurationDelegate - Bootstrapping Spring Data Redis repositories in DEFAULT mode.
2026-02-07 13:53:10.074 [main] INFO  o.s.d.r.c.RepositoryConfigurationDelegate - Finished Spring Data repository scanning in 30 ms. Found 0 Redis repository interfaces.
2026-02-07 13:53:10.823 [main] ERROR o.a.c.core.AprLifecycleListener - An incompatible version [1.2.30] of the Apache Tomcat Native library is installed, while Tomcat requires version [1.2.34]
2026-02-07 13:53:11.138 [main] INFO  o.s.b.w.e.tomcat.TomcatWebServer - Tomcat initialized with port(s): 8080 (http)
2026-02-07 13:53:11.153 [main] INFO  o.a.catalina.core.StandardService - Starting service [Tomcat]
2026-02-07 13:53:11.153 [main] INFO  o.a.catalina.core.StandardEngine - Starting Servlet engine: [Apache Tomcat/10.1.15]
2026-02-07 13:53:11.317 [main] INFO  o.a.c.c.C.[.[localhost].[/api] - Initializing Spring embedded WebApplicationContext
2026-02-07 13:53:11.318 [main] INFO  o.s.b.w.s.c.ServletWebServerApplicationContext - Root WebApplicationContext: initialization completed in 2690 ms
2026-02-07 13:53:11.397 [main] DEBUG c.s.config.ContentCachingFilter - Filter 'contentCachingFilter' configured for use
2026-02-07 13:53:12.194 [main] INFO  com.zaxxer.hikari.HikariDataSource - HikariPool-1 - Starting...
2026-02-07 13:53:12.444 [main] INFO  com.zaxxer.hikari.pool.HikariPool - HikariPool-1 - Added connection com.mysql.cj.jdbc.ConnectionImpl@22ca1242
2026-02-07 13:53:12.447 [main] INFO  com.zaxxer.hikari.HikariDataSource - HikariPool-1 - Start completed.
2026-02-07 13:53:14.430 [main] INFO  o.s.s.web.DefaultSecurityFilterChain - Will secure any request with [org.springframework.security.web.session.DisableEncodeUrlFilter@10cb050, org.springframework.security.web.context.request.async.WebAsyncManagerIntegrationFilter@799fb45e, org.springframework.security.web.context.SecurityContextHolderFilter@4b8a0d03, org.springframework.security.web.header.HeaderWriterFilter@422ba9b7, org.springframework.security.web.authentication.logout.LogoutFilter@45b8bbbf, org.springframework.security.web.savedrequest.RequestCacheAwareFilter@1c53bd49, org.springframework.security.web.servletapi.SecurityContextHolderAwareRequestFilter@43778371, org.springframework.security.web.authentication.AnonymousAuthenticationFilter@4f7ba0af, org.springframework.security.web.access.ExceptionTranslationFilter@45b27ad3, org.springframework.security.web.access.intercept.AuthorizationFilter@7791ff50]
2026-02-07 13:53:15.425 [main] INFO  o.s.b.w.e.tomcat.TomcatWebServer - Tomcat started on port(s): 8080 (http) with context path '/api'
2026-02-07 13:53:15.440 [main] INFO  com.studyroom.StudyRoomApplication - Started StudyRoomApplication in 7.57 seconds (process running for 8.965)
2026-02-07 13:53:53.928 [http-nio-8080-exec-2] INFO  o.a.c.c.C.[.[localhost].[/api] - Initializing Spring DispatcherServlet 'dispatcherServlet'
2026-02-07 13:53:53.929 [http-nio-8080-exec-2] INFO  o.s.web.servlet.DispatcherServlet - Initializing Servlet 'dispatcherServlet'
2026-02-07 13:53:53.933 [http-nio-8080-exec-2] INFO  o.s.web.servlet.DispatcherServlet - Completed initialization in 4 ms
2026-02-07 13:53:54.001 [http-nio-8080-exec-1] INFO  c.s.config.RequestLoggingInterceptor - [REQUEST] OPTIONS /api/reservation/list
Headers: {host=localhost:8080, connection=keep-alive, accept=*/*, access-control-request-method=GET, access-control-request-headers=authorization, origin=http://localhost:5173, user-agent=Mozilla/5.0 (Windows NT 10.0; Win64; x64) AppleWebKit/537.36 (KHTML, like Gecko) Chrome/145.0.0.0 Safari/537.36, sec-fetch-mode=cors, sec-fetch-site=same-site, sec-fetch-dest=empty, referer=http://localhost:5173/, accept-encoding=gzip, deflate, br, zstd, accept-language=zh-CN,zh;q=0.9}
2026-02-07 13:53:54.003 [http-nio-8080-exec-3] INFO  c.s.config.RequestLoggingInterceptor - [REQUEST] OPTIONS /api/announcement/active
Headers: {host=localhost:8080, connection=keep-alive, accept=*/*, access-control-request-method=GET, access-control-request-headers=authorization, origin=http://localhost:5173, user-agent=Mozilla/5.0 (Windows NT 10.0; Win64; x64) AppleWebKit/537.36 (KHTML, like Gecko) Chrome/145.0.0.0 Safari/537.36, sec-fetch-mode=cors, sec-fetch-site=same-site, sec-fetch-dest=empty, referer=http://localhost:5173/, accept-encoding=gzip, deflate, br, zstd, accept-language=zh-CN,zh;q=0.9}
2026-02-07 13:53:54.003 [http-nio-8080-exec-2] INFO  c.s.config.RequestLoggingInterceptor - [REQUEST] OPTIONS /api/auth/me
Headers: {host=localhost:8080, connection=keep-alive, accept=*/*, access-control-request-method=GET, access-control-request-headers=authorization, origin=http://localhost:5173, user-agent=Mozilla/5.0 (Windows NT 10.0; Win64; x64) AppleWebKit/537.36 (KHTML, like Gecko) Chrome/145.0.0.0 Safari/537.36, sec-fetch-mode=cors, sec-fetch-site=same-site, sec-fetch-dest=empty, referer=http://localhost:5173/, accept-encoding=gzip, deflate, br, zstd, accept-language=zh-CN,zh;q=0.9}
2026-02-07 13:53:54.055 [http-nio-8080-exec-4] INFO  c.s.config.RequestLoggingInterceptor - [REQUEST] GET /api/reservation/list
Headers: {host=localhost:8080, connection=keep-alive, sec-ch-ua-platform="Windows", authorization=eyJhbGciOi..., user-agent=Mozilla/5.0 (Windows NT 10.0; Win64; x64) AppleWebKit/537.36 (KHTML, like Gecko) Chrome/145.0.0.0 Safari/537.36, accept=application/json, text/plain, */*, sec-ch-ua="Not:A-Brand";v="99", "Google Chrome";v="145", "Chromium";v="145", sec-ch-ua-mobile=?0, origin=http://localhost:5173, sec-fetch-site=same-site, sec-fetch-mode=cors, sec-fetch-dest=empty, referer=http://localhost:5173/, accept-encoding=gzip, deflate, br, zstd, accept-language=zh-CN,zh;q=0.9}
2026-02-07 13:53:54.056 [http-nio-8080-exec-5] INFO  c.s.config.RequestLoggingInterceptor - [REQUEST] GET /api/announcement/active
Headers: {host=localhost:8080, connection=keep-alive, sec-ch-ua-platform="Windows", authorization=eyJhbGciOi..., user-agent=Mozilla/5.0 (Windows NT 10.0; Win64; x64) AppleWebKit/537.36 (KHTML, like Gecko) Chrome/145.0.0.0 Safari/537.36, accept=application/json, text/plain, */*, sec-ch-ua="Not:A-Brand";v="99", "Google Chrome";v="145", "Chromium";v="145", sec-ch-ua-mobile=?0, origin=http://localhost:5173, sec-fetch-site=same-site, sec-fetch-mode=cors, sec-fetch-dest=empty, referer=http://localhost:5173/, accept-encoding=gzip, deflate, br, zstd, accept-language=zh-CN,zh;q=0.9}
2026-02-07 13:53:54.069 [http-nio-8080-exec-6] INFO  c.s.config.RequestLoggingInterceptor - [REQUEST] GET /api/auth/me
Headers: {host=localhost:8080, connection=keep-alive, sec-ch-ua-platform="Windows", authorization=eyJhbGciOi..., user-agent=Mozilla/5.0 (Windows NT 10.0; Win64; x64) AppleWebKit/537.36 (KHTML, like Gecko) Chrome/145.0.0.0 Safari/537.36, accept=application/json, text/plain, */*, sec-ch-ua="Not:A-Brand";v="99", "Google Chrome";v="145", "Chromium";v="145", sec-ch-ua-mobile=?0, origin=http://localhost:5173, sec-fetch-site=same-site, sec-fetch-mode=cors, sec-fetch-dest=empty, referer=http://localhost:5173/, accept-encoding=gzip, deflate, br, zstd, accept-language=zh-CN,zh;q=0.9}
2026-02-07 13:53:54.106 [http-nio-8080-exec-5] DEBUG c.s.m.A.selectActiveAnnouncements - ==>  Preparing: SELECT * FROM announcements WHERE is_active = true ORDER BY publish_time DESC
2026-02-07 13:53:54.281 [http-nio-8080-exec-5] DEBUG c.s.m.A.selectActiveAnnouncements - ==> Parameters: 
2026-02-07 13:53:54.286 [http-nio-8080-exec-4] DEBUG c.s.m.ReservationMapper.selectList - ==>  Preparing: SELECT id,user_id,seat_id,status,reservation_status,reservation_in_time,reservation_out_time,sign_in_time,sign_out_time,remark,created_at,updated_at FROM reservations
2026-02-07 13:53:54.287 [http-nio-8080-exec-4] DEBUG c.s.m.ReservationMapper.selectList - ==> Parameters: 
2026-02-07 13:53:54.315 [http-nio-8080-exec-6] ERROR c.s.exception.GlobalExceptionHandler - 未授权异常，请求路径: /api/auth/me
com.studyroom.exception.UnauthorizedException: 无效的令牌
	at com.studyroom.controller.AuthController.getCurrentUserInfo(AuthController.java:81)
	at java.base/jdk.internal.reflect.NativeMethodAccessorImpl.invoke0(Native Method)
	at java.base/jdk.internal.reflect.NativeMethodAccessorImpl.invoke(NativeMethodAccessorImpl.java:77)
	at java.base/jdk.internal.reflect.DelegatingMethodAccessorImpl.invoke(DelegatingMethodAccessorImpl.java:43)
	at java.base/java.lang.reflect.Method.invoke(Method.java:568)
	at org.springframework.web.method.support.InvocableHandlerMethod.doInvoke(InvocableHandlerMethod.java:205)
	at org.springframework.web.method.support.InvocableHandlerMethod.invokeForRequest(InvocableHandlerMethod.java:150)
	at org.springframework.web.servlet.mvc.method.annotation.ServletInvocableHandlerMethod.invokeAndHandle(ServletInvocableHandlerMethod.java:118)
	at org.springframework.web.servlet.mvc.method.annotation.RequestMappingHandlerAdapter.invokeHandlerMethod(RequestMappingHandlerAdapter.java:884)
	at org.springframework.web.servlet.mvc.method.annotation.RequestMappingHandlerAdapter.handleInternal(RequestMappingHandlerAdapter.java:797)
	at org.springframework.web.servlet.mvc.method.AbstractHandlerMethodAdapter.handle(AbstractHandlerMethodAdapter.java:87)
	at org.springframework.web.servlet.DispatcherServlet.doDispatch(DispatcherServlet.java:1081)
	at org.springframework.web.servlet.DispatcherServlet.doService(DispatcherServlet.java:974)
	at org.springframework.web.servlet.FrameworkServlet.processRequest(FrameworkServlet.java:1011)
	at org.springframework.web.servlet.FrameworkServlet.doGet(FrameworkServlet.java:903)
	at jakarta.servlet.http.HttpServlet.service(HttpServlet.java:564)
	at org.springframework.web.servlet.FrameworkServlet.service(FrameworkServlet.java:885)
	at jakarta.servlet.http.HttpServlet.service(HttpServlet.java:658)
	at org.apache.catalina.core.ApplicationFilterChain.internalDoFilter(ApplicationFilterChain.java:205)
	at org.apache.catalina.core.ApplicationFilterChain.doFilter(ApplicationFilterChain.java:149)
	at org.apache.tomcat.websocket.server.WsFilter.doFilter(WsFilter.java:51)
	at org.apache.catalina.core.ApplicationFilterChain.internalDoFilter(ApplicationFilterChain.java:174)
	at org.apache.catalina.core.ApplicationFilterChain.doFilter(ApplicationFilterChain.java:149)
	at com.studyroom.config.ContentCachingFilter.doFilterInternal(ContentCachingFilter.java:25)
	at org.springframework.web.filter.OncePerRequestFilter.doFilter(OncePerRequestFilter.java:116)
	at org.apache.catalina.core.ApplicationFilterChain.internalDoFilter(ApplicationFilterChain.java:174)
	at org.apache.catalina.core.ApplicationFilterChain.doFilter(ApplicationFilterChain.java:149)
	at org.springframework.security.web.FilterChainProxy.lambda$doFilterInternal$3(FilterChainProxy.java:231)
	at org.springframework.security.web.FilterChainProxy$VirtualFilterChain.doFilter(FilterChainProxy.java:365)
	at org.springframework.security.web.access.intercept.AuthorizationFilter.doFilter(AuthorizationFilter.java:100)
	at org.springframework.security.web.FilterChainProxy$VirtualFilterChain.doFilter(FilterChainProxy.java:374)
	at org.springframework.security.web.access.ExceptionTranslationFilter.doFilter(ExceptionTranslationFilter.java:126)
	at org.springframework.security.web.access.ExceptionTranslationFilter.doFilter(ExceptionTranslationFilter.java:120)
	at org.springframework.security.web.FilterChainProxy$VirtualFilterChain.doFilter(FilterChainProxy.java:374)
	at org.springframework.security.web.authentication.AnonymousAuthenticationFilter.doFilter(AnonymousAuthenticationFilter.java:100)
	at org.springframework.security.web.FilterChainProxy$VirtualFilterChain.doFilter(FilterChainProxy.java:374)
	at org.springframework.security.web.servletapi.SecurityContextHolderAwareRequestFilter.doFilter(SecurityContextHolderAwareRequestFilter.java:179)
	at org.springframework.security.web.FilterChainProxy$VirtualFilterChain.doFilter(FilterChainProxy.java:374)
	at org.springframework.security.web.savedrequest.RequestCacheAwareFilter.doFilter(RequestCacheAwareFilter.java:63)
	at org.springframework.security.web.FilterChainProxy$VirtualFilterChain.doFilter(FilterChainProxy.java:374)
	at org.springframework.security.web.authentication.logout.LogoutFilter.doFilter(LogoutFilter.java:107)
	at org.springframework.security.web.authentication.logout.LogoutFilter.doFilter(LogoutFilter.java:93)
	at org.springframework.security.web.FilterChainProxy$VirtualFilterChain.doFilter(FilterChainProxy.java:374)
	at org.springframework.security.web.header.HeaderWriterFilter.doHeadersAfter(HeaderWriterFilter.java:90)
	at org.springframework.security.web.header.HeaderWriterFilter.doFilterInternal(HeaderWriterFilter.java:75)
	at org.springframework.web.filter.OncePerRequestFilter.doFilter(OncePerRequestFilter.java:116)
	at org.springframework.security.web.FilterChainProxy$VirtualFilterChain.doFilter(FilterChainProxy.java:374)
	at org.springframework.security.web.context.SecurityContextHolderFilter.doFilter(SecurityContextHolderFilter.java:82)
	at org.springframework.security.web.context.SecurityContextHolderFilter.doFilter(SecurityContextHolderFilter.java:69)
	at org.springframework.security.web.FilterChainProxy$VirtualFilterChain.doFilter(FilterChainProxy.java:374)
	at org.springframework.security.web.context.request.async.WebAsyncManagerIntegrationFilter.doFilterInternal(WebAsyncManagerIntegrationFilter.java:62)
	at org.springframework.web.filter.OncePerRequestFilter.doFilter(OncePerRequestFilter.java:116)
	at org.springframework.security.web.FilterChainProxy$VirtualFilterChain.doFilter(FilterChainProxy.java:374)
	at org.springframework.security.web.session.DisableEncodeUrlFilter.doFilterInternal(DisableEncodeUrlFilter.java:42)
	at org.springframework.web.filter.OncePerRequestFilter.doFilter(OncePerRequestFilter.java:116)
	at org.springframework.security.web.FilterChainProxy$VirtualFilterChain.doFilter(FilterChainProxy.java:374)
	at org.springframework.security.web.FilterChainProxy.doFilterInternal(FilterChainProxy.java:233)
	at org.springframework.security.web.FilterChainProxy.doFilter(FilterChainProxy.java:191)
	at org.springframework.web.filter.DelegatingFilterProxy.invokeDelegate(DelegatingFilterProxy.java:352)
	at org.springframework.web.filter.DelegatingFilterProxy.doFilter(DelegatingFilterProxy.java:268)
	at org.apache.catalina.core.ApplicationFilterChain.internalDoFilter(ApplicationFilterChain.java:174)
	at org.apache.catalina.core.ApplicationFilterChain.doFilter(ApplicationFilterChain.java:149)
	at org.springframework.web.filter.RequestContextFilter.doFilterInternal(RequestContextFilter.java:100)
	at org.springframework.web.filter.OncePerRequestFilter.doFilter(OncePerRequestFilter.java:116)
	at org.apache.catalina.core.ApplicationFilterChain.internalDoFilter(ApplicationFilterChain.java:174)
	at org.apache.catalina.core.ApplicationFilterChain.doFilter(ApplicationFilterChain.java:149)
	at org.springframework.web.filter.FormContentFilter.doFilterInternal(FormContentFilter.java:93)
	at org.springframework.web.filter.OncePerRequestFilter.doFilter(OncePerRequestFilter.java:116)
	at org.apache.catalina.core.ApplicationFilterChain.internalDoFilter(ApplicationFilterChain.java:174)
	at org.apache.catalina.core.ApplicationFilterChain.doFilter(ApplicationFilterChain.java:149)
	at org.springframework.web.filter.CharacterEncodingFilter.doFilterInternal(CharacterEncodingFilter.java:201)
	at org.springframework.web.filter.OncePerRequestFilter.doFilter(OncePerRequestFilter.java:116)
	at org.apache.catalina.core.ApplicationFilterChain.internalDoFilter(ApplicationFilterChain.java:174)
	at org.apache.catalina.core.ApplicationFilterChain.doFilter(ApplicationFilterChain.java:149)
	at org.apache.catalina.core.StandardWrapperValve.invoke(StandardWrapperValve.java:167)
	at org.apache.catalina.core.StandardContextValve.invoke(StandardContextValve.java:90)
	at org.apache.catalina.authenticator.AuthenticatorBase.invoke(AuthenticatorBase.java:482)
	at org.apache.catalina.core.StandardHostValve.invoke(StandardHostValve.java:115)
	at org.apache.catalina.valves.ErrorReportValve.invoke(ErrorReportValve.java:93)
	at org.apache.catalina.core.StandardEngineValve.invoke(StandardEngineValve.java:74)
	at org.apache.catalina.connector.CoyoteAdapter.service(CoyoteAdapter.java:340)
	at org.apache.coyote.http11.Http11Processor.service(Http11Processor.java:391)
	at org.apache.coyote.AbstractProcessorLight.process(AbstractProcessorLight.java:63)
	at org.apache.coyote.AbstractProtocol$ConnectionHandler.process(AbstractProtocol.java:896)
	at org.apache.tomcat.util.net.NioEndpoint$SocketProcessor.doRun(NioEndpoint.java:1744)
	at org.apache.tomcat.util.net.SocketProcessorBase.run(SocketProcessorBase.java:52)
	at org.apache.tomcat.util.threads.ThreadPoolExecutor.runWorker(ThreadPoolExecutor.java:1191)
	at org.apache.tomcat.util.threads.ThreadPoolExecutor$Worker.run(ThreadPoolExecutor.java:659)
	at org.apache.tomcat.util.threads.TaskThread$WrappingRunnable.run(TaskThread.java:61)
	at java.base/java.lang.Thread.run(Thread.java:833)
2026-02-07 13:53:54.356 [http-nio-8080-exec-5] DEBUG c.s.m.A.selectActiveAnnouncements - <==      Total: 1
2026-02-07 13:53:54.382 [http-nio-8080-exec-4] DEBUG c.s.m.ReservationMapper.selectList - <==      Total: 1
2026-02-07 13:53:54.434 [http-nio-8080-exec-6] INFO  c.s.config.RequestLoggingInterceptor - [RESPONSE] GET /api/auth/me 200 ({}ms)
2026-02-07 13:53:54.451 [http-nio-8080-exec-5] INFO  c.s.config.RequestLoggingInterceptor - [RESPONSE] GET /api/announcement/active 200 ({}ms)
2026-02-07 13:53:54.452 [http-nio-8080-exec-4] INFO  c.s.config.RequestLoggingInterceptor - [RESPONSE] GET /api/reservation/list 200 ({}ms)
2026-02-07 13:53:58.135 [http-nio-8080-exec-7] INFO  c.s.config.RequestLoggingInterceptor - [REQUEST] GET /api/auth/me
Headers: {host=localhost:8080, connection=keep-alive, sec-ch-ua-platform="Windows", authorization=eyJhbGciOi..., user-agent=Mozilla/5.0 (Windows NT 10.0; Win64; x64) AppleWebKit/537.36 (KHTML, like Gecko) Chrome/145.0.0.0 Safari/537.36, accept=application/json, text/plain, */*, sec-ch-ua="Not:A-Brand";v="99", "Google Chrome";v="145", "Chromium";v="145", sec-ch-ua-mobile=?0, origin=http://localhost:5173, sec-fetch-site=same-site, sec-fetch-mode=cors, sec-fetch-dest=empty, referer=http://localhost:5173/, accept-encoding=gzip, deflate, br, zstd, accept-language=zh-CN,zh;q=0.9}
2026-02-07 13:53:58.136 [http-nio-8080-exec-8] INFO  c.s.config.RequestLoggingInterceptor - [REQUEST] GET /api/announcement/active
Headers: {host=localhost:8080, connection=keep-alive, sec-ch-ua-platform="Windows", authorization=eyJhbGciOi..., user-agent=Mozilla/5.0 (Windows NT 10.0; Win64; x64) AppleWebKit/537.36 (KHTML, like Gecko) Chrome/145.0.0.0 Safari/537.36, accept=application/json, text/plain, */*, sec-ch-ua="Not:A-Brand";v="99", "Google Chrome";v="145", "Chromium";v="145", sec-ch-ua-mobile=?0, origin=http://localhost:5173, sec-fetch-site=same-site, sec-fetch-mode=cors, sec-fetch-dest=empty, referer=http://localhost:5173/, accept-encoding=gzip, deflate, br, zstd, accept-language=zh-CN,zh;q=0.9}
2026-02-07 13:53:58.137 [http-nio-8080-exec-8] DEBUG c.s.m.A.selectActiveAnnouncements - ==>  Preparing: SELECT * FROM announcements WHERE is_active = true ORDER BY publish_time DESC
2026-02-07 13:53:58.137 [http-nio-8080-exec-8] DEBUG c.s.m.A.selectActiveAnnouncements - ==> Parameters: 
2026-02-07 13:53:58.139 [http-nio-8080-exec-8] DEBUG c.s.m.A.selectActiveAnnouncements - <==      Total: 1
2026-02-07 13:53:58.141 [http-nio-8080-exec-8] INFO  c.s.config.RequestLoggingInterceptor - [RESPONSE] GET /api/announcement/active 200 ({}ms)
2026-02-07 13:53:58.140 [http-nio-8080-exec-7] ERROR c.s.exception.GlobalExceptionHandler - 未授权异常，请求路径: /api/auth/me
com.studyroom.exception.UnauthorizedException: 无效的令牌
	at com.studyroom.controller.AuthController.getCurrentUserInfo(AuthController.java:81)
	at java.base/jdk.internal.reflect.NativeMethodAccessorImpl.invoke0(Native Method)
	at java.base/jdk.internal.reflect.NativeMethodAccessorImpl.invoke(NativeMethodAccessorImpl.java:77)
	at java.base/jdk.internal.reflect.DelegatingMethodAccessorImpl.invoke(DelegatingMethodAccessorImpl.java:43)
	at java.base/java.lang.reflect.Method.invoke(Method.java:568)
	at org.springframework.web.method.support.InvocableHandlerMethod.doInvoke(InvocableHandlerMethod.java:205)
	at org.springframework.web.method.support.InvocableHandlerMethod.invokeForRequest(InvocableHandlerMethod.java:150)
	at org.springframework.web.servlet.mvc.method.annotation.ServletInvocableHandlerMethod.invokeAndHandle(ServletInvocableHandlerMethod.java:118)
	at org.springframework.web.servlet.mvc.method.annotation.RequestMappingHandlerAdapter.invokeHandlerMethod(RequestMappingHandlerAdapter.java:884)
	at org.springframework.web.servlet.mvc.method.annotation.RequestMappingHandlerAdapter.handleInternal(RequestMappingHandlerAdapter.java:797)
	at org.springframework.web.servlet.mvc.method.AbstractHandlerMethodAdapter.handle(AbstractHandlerMethodAdapter.java:87)
	at org.springframework.web.servlet.DispatcherServlet.doDispatch(DispatcherServlet.java:1081)
	at org.springframework.web.servlet.DispatcherServlet.doService(DispatcherServlet.java:974)
	at org.springframework.web.servlet.FrameworkServlet.processRequest(FrameworkServlet.java:1011)
	at org.springframework.web.servlet.FrameworkServlet.doGet(FrameworkServlet.java:903)
	at jakarta.servlet.http.HttpServlet.service(HttpServlet.java:564)
	at org.springframework.web.servlet.FrameworkServlet.service(FrameworkServlet.java:885)
	at jakarta.servlet.http.HttpServlet.service(HttpServlet.java:658)
	at org.apache.catalina.core.ApplicationFilterChain.internalDoFilter(ApplicationFilterChain.java:205)
	at org.apache.catalina.core.ApplicationFilterChain.doFilter(ApplicationFilterChain.java:149)
	at org.apache.tomcat.websocket.server.WsFilter.doFilter(WsFilter.java:51)
	at org.apache.catalina.core.ApplicationFilterChain.internalDoFilter(ApplicationFilterChain.java:174)
	at org.apache.catalina.core.ApplicationFilterChain.doFilter(ApplicationFilterChain.java:149)
	at com.studyroom.config.ContentCachingFilter.doFilterInternal(ContentCachingFilter.java:25)
	at org.springframework.web.filter.OncePerRequestFilter.doFilter(OncePerRequestFilter.java:116)
	at org.apache.catalina.core.ApplicationFilterChain.internalDoFilter(ApplicationFilterChain.java:174)
	at org.apache.catalina.core.ApplicationFilterChain.doFilter(ApplicationFilterChain.java:149)
	at org.springframework.security.web.FilterChainProxy.lambda$doFilterInternal$3(FilterChainProxy.java:231)
	at org.springframework.security.web.FilterChainProxy$VirtualFilterChain.doFilter(FilterChainProxy.java:365)
	at org.springframework.security.web.access.intercept.AuthorizationFilter.doFilter(AuthorizationFilter.java:100)
	at org.springframework.security.web.FilterChainProxy$VirtualFilterChain.doFilter(FilterChainProxy.java:374)
	at org.springframework.security.web.access.ExceptionTranslationFilter.doFilter(ExceptionTranslationFilter.java:126)
	at org.springframework.security.web.access.ExceptionTranslationFilter.doFilter(ExceptionTranslationFilter.java:120)
	at org.springframework.security.web.FilterChainProxy$VirtualFilterChain.doFilter(FilterChainProxy.java:374)
	at org.springframework.security.web.authentication.AnonymousAuthenticationFilter.doFilter(AnonymousAuthenticationFilter.java:100)
	at org.springframework.security.web.FilterChainProxy$VirtualFilterChain.doFilter(FilterChainProxy.java:374)
	at org.springframework.security.web.servletapi.SecurityContextHolderAwareRequestFilter.doFilter(SecurityContextHolderAwareRequestFilter.java:179)
	at org.springframework.security.web.FilterChainProxy$VirtualFilterChain.doFilter(FilterChainProxy.java:374)
	at org.springframework.security.web.savedrequest.RequestCacheAwareFilter.doFilter(RequestCacheAwareFilter.java:63)
	at org.springframework.security.web.FilterChainProxy$VirtualFilterChain.doFilter(FilterChainProxy.java:374)
	at org.springframework.security.web.authentication.logout.LogoutFilter.doFilter(LogoutFilter.java:107)
	at org.springframework.security.web.authentication.logout.LogoutFilter.doFilter(LogoutFilter.java:93)
	at org.springframework.security.web.FilterChainProxy$VirtualFilterChain.doFilter(FilterChainProxy.java:374)
	at org.springframework.security.web.header.HeaderWriterFilter.doHeadersAfter(HeaderWriterFilter.java:90)
	at org.springframework.security.web.header.HeaderWriterFilter.doFilterInternal(HeaderWriterFilter.java:75)
	at org.springframework.web.filter.OncePerRequestFilter.doFilter(OncePerRequestFilter.java:116)
	at org.springframework.security.web.FilterChainProxy$VirtualFilterChain.doFilter(FilterChainProxy.java:374)
	at org.springframework.security.web.context.SecurityContextHolderFilter.doFilter(SecurityContextHolderFilter.java:82)
	at org.springframework.security.web.context.SecurityContextHolderFilter.doFilter(SecurityContextHolderFilter.java:69)
	at org.springframework.security.web.FilterChainProxy$VirtualFilterChain.doFilter(FilterChainProxy.java:374)
	at org.springframework.security.web.context.request.async.WebAsyncManagerIntegrationFilter.doFilterInternal(WebAsyncManagerIntegrationFilter.java:62)
	at org.springframework.web.filter.OncePerRequestFilter.doFilter(OncePerRequestFilter.java:116)
	at org.springframework.security.web.FilterChainProxy$VirtualFilterChain.doFilter(FilterChainProxy.java:374)
	at org.springframework.security.web.session.DisableEncodeUrlFilter.doFilterInternal(DisableEncodeUrlFilter.java:42)
	at org.springframework.web.filter.OncePerRequestFilter.doFilter(OncePerRequestFilter.java:116)
	at org.springframework.security.web.FilterChainProxy$VirtualFilterChain.doFilter(FilterChainProxy.java:374)
	at org.springframework.security.web.FilterChainProxy.doFilterInternal(FilterChainProxy.java:233)
	at org.springframework.security.web.FilterChainProxy.doFilter(FilterChainProxy.java:191)
	at org.springframework.web.filter.DelegatingFilterProxy.invokeDelegate(DelegatingFilterProxy.java:352)
	at org.springframework.web.filter.DelegatingFilterProxy.doFilter(DelegatingFilterProxy.java:268)
	at org.apache.catalina.core.ApplicationFilterChain.internalDoFilter(ApplicationFilterChain.java:174)
	at org.apache.catalina.core.ApplicationFilterChain.doFilter(ApplicationFilterChain.java:149)
	at org.springframework.web.filter.RequestContextFilter.doFilterInternal(RequestContextFilter.java:100)
	at org.springframework.web.filter.OncePerRequestFilter.doFilter(OncePerRequestFilter.java:116)
	at org.apache.catalina.core.ApplicationFilterChain.internalDoFilter(ApplicationFilterChain.java:174)
	at org.apache.catalina.core.ApplicationFilterChain.doFilter(ApplicationFilterChain.java:149)
	at org.springframework.web.filter.FormContentFilter.doFilterInternal(FormContentFilter.java:93)
	at org.springframework.web.filter.OncePerRequestFilter.doFilter(OncePerRequestFilter.java:116)
	at org.apache.catalina.core.ApplicationFilterChain.internalDoFilter(ApplicationFilterChain.java:174)
	at org.apache.catalina.core.ApplicationFilterChain.doFilter(ApplicationFilterChain.java:149)
	at org.springframework.web.filter.CharacterEncodingFilter.doFilterInternal(CharacterEncodingFilter.java:201)
	at org.springframework.web.filter.OncePerRequestFilter.doFilter(OncePerRequestFilter.java:116)
	at org.apache.catalina.core.ApplicationFilterChain.internalDoFilter(ApplicationFilterChain.java:174)
	at org.apache.catalina.core.ApplicationFilterChain.doFilter(ApplicationFilterChain.java:149)
	at org.apache.catalina.core.StandardWrapperValve.invoke(StandardWrapperValve.java:167)
	at org.apache.catalina.core.StandardContextValve.invoke(StandardContextValve.java:90)
	at org.apache.catalina.authenticator.AuthenticatorBase.invoke(AuthenticatorBase.java:482)
	at org.apache.catalina.core.StandardHostValve.invoke(StandardHostValve.java:115)
	at org.apache.catalina.valves.ErrorReportValve.invoke(ErrorReportValve.java:93)
	at org.apache.catalina.core.StandardEngineValve.invoke(StandardEngineValve.java:74)
	at org.apache.catalina.connector.CoyoteAdapter.service(CoyoteAdapter.java:340)
	at org.apache.coyote.http11.Http11Processor.service(Http11Processor.java:391)
	at org.apache.coyote.AbstractProcessorLight.process(AbstractProcessorLight.java:63)
	at org.apache.coyote.AbstractProtocol$ConnectionHandler.process(AbstractProtocol.java:896)
	at org.apache.tomcat.util.net.NioEndpoint$SocketProcessor.doRun(NioEndpoint.java:1744)
	at org.apache.tomcat.util.net.SocketProcessorBase.run(SocketProcessorBase.java:52)
	at org.apache.tomcat.util.threads.ThreadPoolExecutor.runWorker(ThreadPoolExecutor.java:1191)
	at org.apache.tomcat.util.threads.ThreadPoolExecutor$Worker.run(ThreadPoolExecutor.java:659)
	at org.apache.tomcat.util.threads.TaskThread$WrappingRunnable.run(TaskThread.java:61)
	at java.base/java.lang.Thread.run(Thread.java:833)
2026-02-07 13:53:58.149 [http-nio-8080-exec-7] INFO  c.s.config.RequestLoggingInterceptor - [RESPONSE] GET /api/auth/me 200 ({}ms)
2026-02-07 13:53:58.151 [http-nio-8080-exec-9] INFO  c.s.config.RequestLoggingInterceptor - [REQUEST] GET /api/reservation/list
Headers: {host=localhost:8080, connection=keep-alive, sec-ch-ua-platform="Windows", authorization=eyJhbGciOi..., user-agent=Mozilla/5.0 (Windows NT 10.0; Win64; x64) AppleWebKit/537.36 (KHTML, like Gecko) Chrome/145.0.0.0 Safari/537.36, accept=application/json, text/plain, */*, sec-ch-ua="Not:A-Brand";v="99", "Google Chrome";v="145", "Chromium";v="145", sec-ch-ua-mobile=?0, origin=http://localhost:5173, sec-fetch-site=same-site, sec-fetch-mode=cors, sec-fetch-dest=empty, referer=http://localhost:5173/, accept-encoding=gzip, deflate, br, zstd, accept-language=zh-CN,zh;q=0.9}
2026-02-07 13:53:58.153 [http-nio-8080-exec-9] DEBUG c.s.m.ReservationMapper.selectList - ==>  Preparing: SELECT id,user_id,seat_id,status,reservation_status,reservation_in_time,reservation_out_time,sign_in_time,sign_out_time,remark,created_at,updated_at FROM reservations
2026-02-07 13:53:58.154 [http-nio-8080-exec-9] DEBUG c.s.m.ReservationMapper.selectList - ==> Parameters: 
2026-02-07 13:53:58.156 [http-nio-8080-exec-9] DEBUG c.s.m.ReservationMapper.selectList - <==      Total: 1
2026-02-07 13:53:58.158 [http-nio-8080-exec-9] INFO  c.s.config.RequestLoggingInterceptor - [RESPONSE] GET /api/reservation/list 200 ({}ms)
2026-02-07 13:54:04.410 [http-nio-8080-exec-10] INFO  c.s.config.RequestLoggingInterceptor - [REQUEST] POST /api/auth/login?username=zzl&password=123456
Headers: {host=localhost:8080, connection=keep-alive, content-length=0, sec-ch-ua-platform="Windows", user-agent=Mozilla/5.0 (Windows NT 10.0; Win64; x64) AppleWebKit/537.36 (KHTML, like Gecko) Chrome/145.0.0.0 Safari/537.36, accept=application/json, text/plain, */*, sec-ch-ua="Not:A-Brand";v="99", "Google Chrome";v="145", "Chromium";v="145", sec-ch-ua-mobile=?0, origin=http://localhost:5173, sec-fetch-site=same-site, sec-fetch-mode=cors, sec-fetch-dest=empty, referer=http://localhost:5173/, accept-encoding=gzip, deflate, br, zstd, accept-language=zh-CN,zh;q=0.9}
2026-02-07 13:54:04.413 [http-nio-8080-exec-10] DEBUG c.s.m.UserMapper.selectByUsername - ==>  Preparing: SELECT * FROM users WHERE username = ?
2026-02-07 13:54:04.414 [http-nio-8080-exec-10] DEBUG c.s.m.UserMapper.selectByUsername - ==> Parameters: zzl(String)
2026-02-07 13:54:04.430 [http-nio-8080-exec-10] DEBUG c.s.m.UserMapper.selectByUsername - <==      Total: 1
2026-02-07 13:54:04.431 [http-nio-8080-exec-10] ERROR c.s.service.impl.UserServiceImpl - 密码：e10adc3949ba59abbe56e057f20f883e
2026-02-07 13:54:04.432 [http-nio-8080-exec-10] ERROR c.s.service.impl.UserServiceImpl - 加密后的密码为：e10adc3949ba59abbe56e057f20f883e
2026-02-07 13:54:04.452 [http-nio-8080-exec-10] INFO  c.s.config.RequestLoggingInterceptor - [RESPONSE] POST /api/auth/login 200 ({}ms)
2026-02-07 13:54:04.519 [http-nio-8080-exec-1] INFO  c.s.config.RequestLoggingInterceptor - [REQUEST] GET /api/announcement/active
Headers: {host=localhost:8080, connection=keep-alive, sec-ch-ua-platform="Windows", authorization=eyJhbGciOi..., user-agent=Mozilla/5.0 (Windows NT 10.0; Win64; x64) AppleWebKit/537.36 (KHTML, like Gecko) Chrome/145.0.0.0 Safari/537.36, accept=application/json, text/plain, */*, sec-ch-ua="Not:A-Brand";v="99", "Google Chrome";v="145", "Chromium";v="145", sec-ch-ua-mobile=?0, origin=http://localhost:5173, sec-fetch-site=same-site, sec-fetch-mode=cors, sec-fetch-dest=empty, referer=http://localhost:5173/, accept-encoding=gzip, deflate, br, zstd, accept-language=zh-CN,zh;q=0.9}
2026-02-07 13:54:04.519 [http-nio-8080-exec-3] INFO  c.s.config.RequestLoggingInterceptor - [REQUEST] GET /api/reservation/list
Headers: {host=localhost:8080, connection=keep-alive, sec-ch-ua-platform="Windows", authorization=eyJhbGciOi..., user-agent=Mozilla/5.0 (Windows NT 10.0; Win64; x64) AppleWebKit/537.36 (KHTML, like Gecko) Chrome/145.0.0.0 Safari/537.36, accept=application/json, text/plain, */*, sec-ch-ua="Not:A-Brand";v="99", "Google Chrome";v="145", "Chromium";v="145", sec-ch-ua-mobile=?0, origin=http://localhost:5173, sec-fetch-site=same-site, sec-fetch-mode=cors, sec-fetch-dest=empty, referer=http://localhost:5173/, accept-encoding=gzip, deflate, br, zstd, accept-language=zh-CN,zh;q=0.9}
2026-02-07 13:54:04.519 [http-nio-8080-exec-1] DEBUG c.s.m.A.selectActiveAnnouncements - ==>  Preparing: SELECT * FROM announcements WHERE is_active = true ORDER BY publish_time DESC
2026-02-07 13:54:04.519 [http-nio-8080-exec-1] DEBUG c.s.m.A.selectActiveAnnouncements - ==> Parameters: 
2026-02-07 13:54:04.520 [http-nio-8080-exec-3] DEBUG c.s.m.ReservationMapper.selectList - ==>  Preparing: SELECT id,user_id,seat_id,status,reservation_status,reservation_in_time,reservation_out_time,sign_in_time,sign_out_time,remark,created_at,updated_at FROM reservations
2026-02-07 13:54:04.521 [http-nio-8080-exec-1] DEBUG c.s.m.A.selectActiveAnnouncements - <==      Total: 1
2026-02-07 13:54:04.521 [http-nio-8080-exec-3] DEBUG c.s.m.ReservationMapper.selectList - ==> Parameters: 
2026-02-07 13:54:04.522 [http-nio-8080-exec-1] INFO  c.s.config.RequestLoggingInterceptor - [RESPONSE] GET /api/announcement/active 200 ({}ms)
2026-02-07 13:54:04.523 [http-nio-8080-exec-3] DEBUG c.s.m.ReservationMapper.selectList - <==      Total: 1
2026-02-07 13:54:04.524 [http-nio-8080-exec-3] INFO  c.s.config.RequestLoggingInterceptor - [RESPONSE] GET /api/reservation/list 200 ({}ms)
2026-02-07 13:54:08.055 [http-nio-8080-exec-2] INFO  c.s.config.RequestLoggingInterceptor - [REQUEST] OPTIONS /api/reservation/cancel?id=1
Headers: {host=localhost:8080, connection=keep-alive, accept=*/*, access-control-request-method=POST, access-control-request-headers=authorization, origin=http://localhost:5173, user-agent=Mozilla/5.0 (Windows NT 10.0; Win64; x64) AppleWebKit/537.36 (KHTML, like Gecko) Chrome/145.0.0.0 Safari/537.36, sec-fetch-mode=cors, sec-fetch-site=same-site, sec-fetch-dest=empty, referer=http://localhost:5173/, accept-encoding=gzip, deflate, br, zstd, accept-language=zh-CN,zh;q=0.9}
2026-02-07 13:54:08.062 [http-nio-8080-exec-6] INFO  c.s.config.RequestLoggingInterceptor - [REQUEST] POST /api/reservation/cancel?id=1
Headers: {host=localhost:8080, connection=keep-alive, content-length=0, sec-ch-ua-platform="Windows", authorization=eyJhbGciOi..., user-agent=Mozilla/5.0 (Windows NT 10.0; Win64; x64) AppleWebKit/537.36 (KHTML, like Gecko) Chrome/145.0.0.0 Safari/537.36, accept=application/json, text/plain, */*, sec-ch-ua="Not:A-Brand";v="99", "Google Chrome";v="145", "Chromium";v="145", sec-ch-ua-mobile=?0, origin=http://localhost:5173, sec-fetch-site=same-site, sec-fetch-mode=cors, sec-fetch-dest=empty, referer=http://localhost:5173/, accept-encoding=gzip, deflate, br, zstd, accept-language=zh-CN,zh;q=0.9}
2026-02-07 13:54:08.063 [http-nio-8080-exec-6] DEBUG c.s.m.ReservationMapper.selectById - ==>  Preparing: SELECT id,user_id,seat_id,status,reservation_status,reservation_in_time,reservation_out_time,sign_in_time,sign_out_time,remark,created_at,updated_at FROM reservations WHERE id=?
2026-02-07 13:54:08.064 [http-nio-8080-exec-6] DEBUG c.s.m.ReservationMapper.selectById - ==> Parameters: 1(Long)
2026-02-07 13:54:08.067 [http-nio-8080-exec-6] DEBUG c.s.m.ReservationMapper.selectById - <==      Total: 1
2026-02-07 13:54:08.075 [http-nio-8080-exec-6] DEBUG c.s.m.ReservationMapper.updateById - ==>  Preparing: UPDATE reservations SET user_id=?, seat_id=?, status=?, reservation_status=?, reservation_in_time=?, reservation_out_time=?, created_at=?, updated_at=? WHERE id=?
2026-02-07 13:54:08.077 [http-nio-8080-exec-6] DEBUG c.s.m.ReservationMapper.updateById - ==> Parameters: 3(Long), 2(Long), cancelled(String), 已预约(String), 2026-02-06 19:00:00.0(Timestamp), 2026-02-06 21:00:00.0(Timestamp), 2026-02-06 18:39:13.0(Timestamp), 2026-02-06 18:39:13.0(Timestamp), 1(Long)
2026-02-07 13:54:08.096 [http-nio-8080-exec-6] DEBUG c.s.m.ReservationMapper.updateById - <==    Updates: 1
2026-02-07 13:54:08.098 [http-nio-8080-exec-6] INFO  c.s.config.RequestLoggingInterceptor - [RESPONSE] POST /api/reservation/cancel 200 ({}ms)
2026-02-07 13:54:08.109 [http-nio-8080-exec-5] INFO  c.s.config.RequestLoggingInterceptor - [REQUEST] GET /api/reservation/list
Headers: {host=localhost:8080, connection=keep-alive, sec-ch-ua-platform="Windows", authorization=eyJhbGciOi..., user-agent=Mozilla/5.0 (Windows NT 10.0; Win64; x64) AppleWebKit/537.36 (KHTML, like Gecko) Chrome/145.0.0.0 Safari/537.36, accept=application/json, text/plain, */*, sec-ch-ua="Not:A-Brand";v="99", "Google Chrome";v="145", "Chromium";v="145", sec-ch-ua-mobile=?0, origin=http://localhost:5173, sec-fetch-site=same-site, sec-fetch-mode=cors, sec-fetch-dest=empty, referer=http://localhost:5173/, accept-encoding=gzip, deflate, br, zstd, accept-language=zh-CN,zh;q=0.9}
2026-02-07 13:54:08.110 [http-nio-8080-exec-5] DEBUG c.s.m.ReservationMapper.selectList - ==>  Preparing: SELECT id,user_id,seat_id,status,reservation_status,reservation_in_time,reservation_out_time,sign_in_time,sign_out_time,remark,created_at,updated_at FROM reservations
2026-02-07 13:54:08.110 [http-nio-8080-exec-5] DEBUG c.s.m.ReservationMapper.selectList - ==> Parameters: 
2026-02-07 13:54:08.112 [http-nio-8080-exec-5] DEBUG c.s.m.ReservationMapper.selectList - <==      Total: 1
2026-02-07 13:54:08.114 [http-nio-8080-exec-5] INFO  c.s.config.RequestLoggingInterceptor - [RESPONSE] GET /api/reservation/list 200 ({}ms)
2026-02-07 13:54:19.623 [http-nio-8080-exec-4] INFO  c.s.config.RequestLoggingInterceptor - [REQUEST] OPTIONS /api/reservation/cancel?id=1
Headers: {host=localhost:8080, connection=keep-alive, pragma=no-cache, cache-control=no-cache, accept=*/*, access-control-request-method=POST, access-control-request-headers=authorization, origin=http://localhost:5173, user-agent=Mozilla/5.0 (Windows NT 10.0; Win64; x64) AppleWebKit/537.36 (KHTML, like Gecko) Chrome/145.0.0.0 Safari/537.36, sec-fetch-mode=cors, sec-fetch-site=same-site, sec-fetch-dest=empty, referer=http://localhost:5173/, accept-encoding=gzip, deflate, br, zstd, accept-language=zh-CN,zh;q=0.9}
2026-02-07 13:54:19.629 [http-nio-8080-exec-8] INFO  c.s.config.RequestLoggingInterceptor - [REQUEST] POST /api/reservation/cancel?id=1
Headers: {host=localhost:8080, connection=keep-alive, content-length=0, pragma=no-cache, cache-control=no-cache, sec-ch-ua-platform="Windows", authorization=eyJhbGciOi..., user-agent=Mozilla/5.0 (Windows NT 10.0; Win64; x64) AppleWebKit/537.36 (KHTML, like Gecko) Chrome/145.0.0.0 Safari/537.36, accept=application/json, text/plain, */*, sec-ch-ua="Not:A-Brand";v="99", "Google Chrome";v="145", "Chromium";v="145", sec-ch-ua-mobile=?0, origin=http://localhost:5173, sec-fetch-site=same-site, sec-fetch-mode=cors, sec-fetch-dest=empty, referer=http://localhost:5173/, accept-encoding=gzip, deflate, br, zstd, accept-language=zh-CN,zh;q=0.9}
2026-02-07 13:54:19.630 [http-nio-8080-exec-8] DEBUG c.s.m.ReservationMapper.selectById - ==>  Preparing: SELECT id,user_id,seat_id,status,reservation_status,reservation_in_time,reservation_out_time,sign_in_time,sign_out_time,remark,created_at,updated_at FROM reservations WHERE id=?
2026-02-07 13:54:19.630 [http-nio-8080-exec-8] DEBUG c.s.m.ReservationMapper.selectById - ==> Parameters: 1(Long)
2026-02-07 13:54:19.631 [http-nio-8080-exec-8] DEBUG c.s.m.ReservationMapper.selectById - <==      Total: 1
2026-02-07 13:54:19.632 [http-nio-8080-exec-8] DEBUG c.s.m.ReservationMapper.updateById - ==>  Preparing: UPDATE reservations SET user_id=?, seat_id=?, status=?, reservation_status=?, reservation_in_time=?, reservation_out_time=?, created_at=?, updated_at=? WHERE id=?
2026-02-07 13:54:19.634 [http-nio-8080-exec-8] DEBUG c.s.m.ReservationMapper.updateById - ==> Parameters: 3(Long), 2(Long), cancelled(String), 已预约(String), 2026-02-06 19:00:00.0(Timestamp), 2026-02-06 21:00:00.0(Timestamp), 2026-02-06 18:39:13.0(Timestamp), 2026-02-06 18:39:13.0(Timestamp), 1(Long)
2026-02-07 13:54:19.636 [http-nio-8080-exec-8] DEBUG c.s.m.ReservationMapper.updateById - <==    Updates: 1
2026-02-07 13:54:19.638 [http-nio-8080-exec-8] INFO  c.s.config.RequestLoggingInterceptor - [RESPONSE] POST /api/reservation/cancel 200 ({}ms)
2026-02-07 13:54:19.650 [http-nio-8080-exec-7] INFO  c.s.config.RequestLoggingInterceptor - [REQUEST] OPTIONS /api/reservation/list
Headers: {host=localhost:8080, connection=keep-alive, pragma=no-cache, cache-control=no-cache, accept=*/*, access-control-request-method=GET, access-control-request-headers=authorization, origin=http://localhost:5173, user-agent=Mozilla/5.0 (Windows NT 10.0; Win64; x64) AppleWebKit/537.36 (KHTML, like Gecko) Chrome/145.0.0.0 Safari/537.36, sec-fetch-mode=cors, sec-fetch-site=same-site, sec-fetch-dest=empty, referer=http://localhost:5173/, accept-encoding=gzip, deflate, br, zstd, accept-language=zh-CN,zh;q=0.9}
2026-02-07 13:54:19.663 [http-nio-8080-exec-9] INFO  c.s.config.RequestLoggingInterceptor - [REQUEST] GET /api/reservation/list
Headers: {host=localhost:8080, connection=keep-alive, pragma=no-cache, cache-control=no-cache, sec-ch-ua-platform="Windows", authorization=eyJhbGciOi..., user-agent=Mozilla/5.0 (Windows NT 10.0; Win64; x64) AppleWebKit/537.36 (KHTML, like Gecko) Chrome/145.0.0.0 Safari/537.36, accept=application/json, text/plain, */*, sec-ch-ua="Not:A-Brand";v="99", "Google Chrome";v="145", "Chromium";v="145", sec-ch-ua-mobile=?0, origin=http://localhost:5173, sec-fetch-site=same-site, sec-fetch-mode=cors, sec-fetch-dest=empty, referer=http://localhost:5173/, accept-encoding=gzip, deflate, br, zstd, accept-language=zh-CN,zh;q=0.9}
2026-02-07 13:54:19.666 [http-nio-8080-exec-9] DEBUG c.s.m.ReservationMapper.selectList - ==>  Preparing: SELECT id,user_id,seat_id,status,reservation_status,reservation_in_time,reservation_out_time,sign_in_time,sign_out_time,remark,created_at,updated_at FROM reservations
2026-02-07 13:54:19.667 [http-nio-8080-exec-9] DEBUG c.s.m.ReservationMapper.selectList - ==> Parameters: 
2026-02-07 13:54:19.669 [http-nio-8080-exec-9] DEBUG c.s.m.ReservationMapper.selectList - <==      Total: 1
2026-02-07 13:54:19.671 [http-nio-8080-exec-9] INFO  c.s.config.RequestLoggingInterceptor - [RESPONSE] GET /api/reservation/list 200 ({}ms)
2026-02-07 13:57:19.283 [http-nio-8080-exec-4] INFO  c.s.config.RequestLoggingInterceptor - [REQUEST] OPTIONS /api/room/list?keyword=
Headers: {host=localhost:8080, connection=keep-alive, accept=*/*, access-control-request-method=GET, access-control-request-headers=authorization, origin=http://localhost:5173, user-agent=Mozilla/5.0 (Windows NT 10.0; Win64; x64) AppleWebKit/537.36 (KHTML, like Gecko) Chrome/145.0.0.0 Safari/537.36, sec-fetch-mode=cors, sec-fetch-site=same-site, sec-fetch-dest=empty, referer=http://localhost:5173/, accept-encoding=gzip, deflate, br, zstd, accept-language=zh-CN,zh;q=0.9}
2026-02-07 13:57:19.291 [http-nio-8080-exec-8] INFO  c.s.config.RequestLoggingInterceptor - [REQUEST] GET /api/room/list?keyword=
Headers: {host=localhost:8080, connection=keep-alive, sec-ch-ua-platform="Windows", authorization=eyJhbGciOi..., user-agent=Mozilla/5.0 (Windows NT 10.0; Win64; x64) AppleWebKit/537.36 (KHTML, like Gecko) Chrome/145.0.0.0 Safari/537.36, accept=application/json, text/plain, */*, sec-ch-ua="Not:A-Brand";v="99", "Google Chrome";v="145", "Chromium";v="145", sec-ch-ua-mobile=?0, origin=http://localhost:5173, sec-fetch-site=same-site, sec-fetch-mode=cors, sec-fetch-dest=empty, referer=http://localhost:5173/, accept-encoding=gzip, deflate, br, zstd, accept-language=zh-CN,zh;q=0.9}
2026-02-07 13:57:19.297 [http-nio-8080-exec-8] DEBUG c.s.mapper.RoomMapper.selectList - ==>  Preparing: SELECT id,name,image,location,rows_count,cols_count,open_time,close_time,status,created_at,updated_at FROM rooms
2026-02-07 13:57:19.297 [http-nio-8080-exec-8] DEBUG c.s.mapper.RoomMapper.selectList - ==> Parameters: 
2026-02-07 13:57:19.309 [http-nio-8080-exec-8] DEBUG c.s.mapper.RoomMapper.selectList - <==      Total: 3
2026-02-07 13:57:19.314 [http-nio-8080-exec-8] INFO  c.s.config.RequestLoggingInterceptor - [RESPONSE] GET /api/room/list 200 ({}ms)
2026-02-07 13:57:19.378 [http-nio-8080-exec-9] INFO  c.s.config.RequestLoggingInterceptor - [REQUEST] GET /api/reservation/list
Headers: {host=localhost:8080, connection=keep-alive, sec-ch-ua-platform="Windows", authorization=eyJhbGciOi..., user-agent=Mozilla/5.0 (Windows NT 10.0; Win64; x64) AppleWebKit/537.36 (KHTML, like Gecko) Chrome/145.0.0.0 Safari/537.36, accept=application/json, text/plain, */*, sec-ch-ua="Not:A-Brand";v="99", "Google Chrome";v="145", "Chromium";v="145", sec-ch-ua-mobile=?0, origin=http://localhost:5173, sec-fetch-site=same-site, sec-fetch-mode=cors, sec-fetch-dest=empty, referer=http://localhost:5173/, accept-encoding=gzip, deflate, br, zstd, accept-language=zh-CN,zh;q=0.9}
2026-02-07 13:57:19.382 [http-nio-8080-exec-9] DEBUG c.s.m.ReservationMapper.selectList - ==>  Preparing: SELECT id,user_id,seat_id,status,reservation_status,reservation_in_time,reservation_out_time,sign_in_time,sign_out_time,remark,created_at,updated_at FROM reservations
2026-02-07 13:57:19.382 [http-nio-8080-exec-9] DEBUG c.s.m.ReservationMapper.selectList - ==> Parameters: 
2026-02-07 13:57:19.383 [http-nio-8080-exec-9] DEBUG c.s.m.ReservationMapper.selectList - <==      Total: 1
2026-02-07 13:57:19.385 [http-nio-8080-exec-9] INFO  c.s.config.RequestLoggingInterceptor - [RESPONSE] GET /api/reservation/list 200 ({}ms)
2026-02-07 13:57:20.577 [http-nio-8080-exec-1] INFO  c.s.config.RequestLoggingInterceptor - [REQUEST] OPTIONS /api/seat/room/1
Headers: {host=localhost:8080, connection=keep-alive, accept=*/*, access-control-request-method=GET, access-control-request-headers=authorization, origin=http://localhost:5173, user-agent=Mozilla/5.0 (Windows NT 10.0; Win64; x64) AppleWebKit/537.36 (KHTML, like Gecko) Chrome/145.0.0.0 Safari/537.36, sec-fetch-mode=cors, sec-fetch-site=same-site, sec-fetch-dest=empty, referer=http://localhost:5173/, accept-encoding=gzip, deflate, br, zstd, accept-language=zh-CN,zh;q=0.9}
2026-02-07 13:57:20.586 [http-nio-8080-exec-10] INFO  c.s.config.RequestLoggingInterceptor - [REQUEST] GET /api/seat/room/1
Headers: {host=localhost:8080, connection=keep-alive, sec-ch-ua-platform="Windows", authorization=eyJhbGciOi..., user-agent=Mozilla/5.0 (Windows NT 10.0; Win64; x64) AppleWebKit/537.36 (KHTML, like Gecko) Chrome/145.0.0.0 Safari/537.36, accept=application/json, text/plain, */*, sec-ch-ua="Not:A-Brand";v="99", "Google Chrome";v="145", "Chromium";v="145", sec-ch-ua-mobile=?0, origin=http://localhost:5173, sec-fetch-site=same-site, sec-fetch-mode=cors, sec-fetch-dest=empty, referer=http://localhost:5173/, accept-encoding=gzip, deflate, br, zstd, accept-language=zh-CN,zh;q=0.9}
2026-02-07 13:57:20.588 [http-nio-8080-exec-10] DEBUG c.s.mapper.RoomMapper.selectById - ==>  Preparing: SELECT id,name,image,location,rows_count,cols_count,open_time,close_time,status,created_at,updated_at FROM rooms WHERE id=?
2026-02-07 13:57:20.589 [http-nio-8080-exec-10] DEBUG c.s.mapper.RoomMapper.selectById - ==> Parameters: 1(Long)
2026-02-07 13:57:20.590 [http-nio-8080-exec-10] DEBUG c.s.mapper.RoomMapper.selectById - <==      Total: 1
2026-02-07 13:57:20.592 [http-nio-8080-exec-10] DEBUG c.s.mapper.SeatMapper.selectByRoomId - ==>  Preparing: SELECT * FROM seats WHERE room_id = ? ORDER BY row_num, col_num
2026-02-07 13:57:20.592 [http-nio-8080-exec-10] DEBUG c.s.mapper.SeatMapper.selectByRoomId - ==> Parameters: 1(Long)
2026-02-07 13:57:20.600 [http-nio-8080-exec-10] DEBUG c.s.mapper.SeatMapper.selectByRoomId - <==      Total: 6
2026-02-07 13:57:20.603 [http-nio-8080-exec-10] INFO  c.s.config.RequestLoggingInterceptor - [RESPONSE] GET /api/seat/room/1 200 ({}ms)
2026-02-07 13:57:26.312 [http-nio-8080-exec-3] INFO  c.s.config.RequestLoggingInterceptor - [REQUEST] GET /api/reservation/list
Headers: {host=localhost:8080, connection=keep-alive, sec-ch-ua-platform="Windows", authorization=eyJhbGciOi..., user-agent=Mozilla/5.0 (Windows NT 10.0; Win64; x64) AppleWebKit/537.36 (KHTML, like Gecko) Chrome/145.0.0.0 Safari/537.36, accept=application/json, text/plain, */*, sec-ch-ua="Not:A-Brand";v="99", "Google Chrome";v="145", "Chromium";v="145", sec-ch-ua-mobile=?0, origin=http://localhost:5173, sec-fetch-site=same-site, sec-fetch-mode=cors, sec-fetch-dest=empty, referer=http://localhost:5173/, accept-encoding=gzip, deflate, br, zstd, accept-language=zh-CN,zh;q=0.9}
2026-02-07 13:57:26.313 [http-nio-8080-exec-3] DEBUG c.s.m.ReservationMapper.selectList - ==>  Preparing: SELECT id,user_id,seat_id,status,reservation_status,reservation_in_time,reservation_out_time,sign_in_time,sign_out_time,remark,created_at,updated_at FROM reservations
2026-02-07 13:57:26.314 [http-nio-8080-exec-3] DEBUG c.s.m.ReservationMapper.selectList - ==> Parameters: 
2026-02-07 13:57:26.317 [http-nio-8080-exec-3] DEBUG c.s.m.ReservationMapper.selectList - <==      Total: 1
2026-02-07 13:57:26.318 [http-nio-8080-exec-3] INFO  c.s.config.RequestLoggingInterceptor - [RESPONSE] GET /api/reservation/list 200 ({}ms)
2026-02-07 13:57:36.316 [http-nio-8080-exec-2] INFO  c.s.config.RequestLoggingInterceptor - [REQUEST] GET /api/room/list?keyword=
Headers: {host=localhost:8080, connection=keep-alive, sec-ch-ua-platform="Windows", authorization=eyJhbGciOi..., user-agent=Mozilla/5.0 (Windows NT 10.0; Win64; x64) AppleWebKit/537.36 (KHTML, like Gecko) Chrome/145.0.0.0 Safari/537.36, accept=application/json, text/plain, */*, sec-ch-ua="Not:A-Brand";v="99", "Google Chrome";v="145", "Chromium";v="145", sec-ch-ua-mobile=?0, origin=http://localhost:5173, sec-fetch-site=same-site, sec-fetch-mode=cors, sec-fetch-dest=empty, referer=http://localhost:5173/, accept-encoding=gzip, deflate, br, zstd, accept-language=zh-CN,zh;q=0.9}
2026-02-07 13:57:36.318 [http-nio-8080-exec-2] DEBUG c.s.mapper.RoomMapper.selectList - ==>  Preparing: SELECT id,name,image,location,rows_count,cols_count,open_time,close_time,status,created_at,updated_at FROM rooms
2026-02-07 13:57:36.318 [http-nio-8080-exec-2] DEBUG c.s.mapper.RoomMapper.selectList - ==> Parameters: 
2026-02-07 13:57:36.321 [http-nio-8080-exec-2] DEBUG c.s.mapper.RoomMapper.selectList - <==      Total: 3
2026-02-07 13:57:36.322 [http-nio-8080-exec-2] INFO  c.s.config.RequestLoggingInterceptor - [RESPONSE] GET /api/room/list 200 ({}ms)
2026-02-07 13:57:36.351 [http-nio-8080-exec-5] INFO  c.s.config.RequestLoggingInterceptor - [REQUEST] GET /api/reservation/list
Headers: {host=localhost:8080, connection=keep-alive, sec-ch-ua-platform="Windows", authorization=eyJhbGciOi..., user-agent=Mozilla/5.0 (Windows NT 10.0; Win64; x64) AppleWebKit/537.36 (KHTML, like Gecko) Chrome/145.0.0.0 Safari/537.36, accept=application/json, text/plain, */*, sec-ch-ua="Not:A-Brand";v="99", "Google Chrome";v="145", "Chromium";v="145", sec-ch-ua-mobile=?0, origin=http://localhost:5173, sec-fetch-site=same-site, sec-fetch-mode=cors, sec-fetch-dest=empty, referer=http://localhost:5173/, accept-encoding=gzip, deflate, br, zstd, accept-language=zh-CN,zh;q=0.9}
2026-02-07 13:57:36.380 [http-nio-8080-exec-5] DEBUG c.s.m.ReservationMapper.selectList - ==>  Preparing: SELECT id,user_id,seat_id,status,reservation_status,reservation_in_time,reservation_out_time,sign_in_time,sign_out_time,remark,created_at,updated_at FROM reservations
2026-02-07 13:57:36.381 [http-nio-8080-exec-5] DEBUG c.s.m.ReservationMapper.selectList - ==> Parameters: 
2026-02-07 13:57:36.383 [http-nio-8080-exec-5] DEBUG c.s.m.ReservationMapper.selectList - <==      Total: 1
2026-02-07 13:57:36.385 [http-nio-8080-exec-5] INFO  c.s.config.RequestLoggingInterceptor - [RESPONSE] GET /api/reservation/list 200 ({}ms)
2026-02-07 13:57:55.287 [http-nio-8080-exec-4] INFO  c.s.config.RequestLoggingInterceptor - [REQUEST] GET /api/seat/room/1
Headers: {host=localhost:8080, connection=keep-alive, sec-ch-ua-platform="Windows", authorization=eyJhbGciOi..., user-agent=Mozilla/5.0 (Windows NT 10.0; Win64; x64) AppleWebKit/537.36 (KHTML, like Gecko) Chrome/145.0.0.0 Safari/537.36, accept=application/json, text/plain, */*, sec-ch-ua="Not:A-Brand";v="99", "Google Chrome";v="145", "Chromium";v="145", sec-ch-ua-mobile=?0, origin=http://localhost:5173, sec-fetch-site=same-site, sec-fetch-mode=cors, sec-fetch-dest=empty, referer=http://localhost:5173/, accept-encoding=gzip, deflate, br, zstd, accept-language=zh-CN,zh;q=0.9}
2026-02-07 13:57:55.289 [http-nio-8080-exec-4] DEBUG c.s.mapper.RoomMapper.selectById - ==>  Preparing: SELECT id,name,image,location,rows_count,cols_count,open_time,close_time,status,created_at,updated_at FROM rooms WHERE id=?
2026-02-07 13:57:55.289 [http-nio-8080-exec-4] DEBUG c.s.mapper.RoomMapper.selectById - ==> Parameters: 1(Long)
2026-02-07 13:57:55.291 [http-nio-8080-exec-4] DEBUG c.s.mapper.RoomMapper.selectById - <==      Total: 1
2026-02-07 13:57:55.292 [http-nio-8080-exec-4] DEBUG c.s.mapper.SeatMapper.selectByRoomId - ==>  Preparing: SELECT * FROM seats WHERE room_id = ? ORDER BY row_num, col_num
2026-02-07 13:57:55.292 [http-nio-8080-exec-4] DEBUG c.s.mapper.SeatMapper.selectByRoomId - ==> Parameters: 1(Long)
2026-02-07 13:57:55.297 [http-nio-8080-exec-4] DEBUG c.s.mapper.SeatMapper.selectByRoomId - <==      Total: 6
2026-02-07 13:57:55.299 [http-nio-8080-exec-4] INFO  c.s.config.RequestLoggingInterceptor - [RESPONSE] GET /api/seat/room/1 200 ({}ms)
